[2025-10-14 23:43:27 +0800] [1959554] [INFO] Starting gunicorn 23.0.0
[2025-10-14 23:43:27 +0800] [1959554] [INFO] Listening at: http://0.0.0.0:3400 (1959554)
[2025-10-14 23:43:27 +0800] [1959554] [INFO] Using worker: gevent
[2025-10-14 23:43:27 +0800] [1959555] [INFO] Booting worker with pid: 1959555
[2025-10-14 23:43:32 +0800] [1959554] [INFO] Handling signal: int
[2025-10-14 23:43:32 +0800] [1959555] [INFO] Worker exiting (pid: 1959555)
Traceback (most recent call last):
  File "/opt/miniconda3/lib/python3.12/site-packages/gevent/monkey/_patch_thread_lt313.py", line 56, in _shutdown
    sleep()
  File "/opt/miniconda3/lib/python3.12/site-packages/gevent/hub.py", line 159, in sleep
    waiter.get()
  File "src/gevent/_waiter.py", line 143, in gevent._gevent_c_waiter.Waiter.get
  File "src/gevent/_waiter.py", line 154, in gevent._gevent_c_waiter.Waiter.get
  File "src/gevent/_greenlet_primitives.py", line 65, in gevent._gevent_c_greenlet_primitives.SwitchOutGreenletWithLoop.switch
  File "src/gevent/_gevent_c_greenlet_primitives.pxd", line 35, in gevent._gevent_c_greenlet_primitives._greenlet_switch
  File "src/gevent/greenlet.py", line 900, in gevent._gevent_cgreenlet.Greenlet.run
  File "/opt/miniconda3/lib/python3.12/site-packages/gunicorn/workers/base.py", line 199, in handle_quit
    sys.exit(0)
SystemExit: 0
2025-10-14T15:43:32Z <greenlet.greenlet object at 0x7f14bbbdaf00 (otid=0x7f14bbb4d080) current active started main> failed with SystemExit

[2025-10-14 23:43:32 +0800] [1959554] [INFO] Shutting down: Master
[2025-10-14 23:43:37 +0800] [1959703] [INFO] Starting gunicorn 23.0.0
[2025-10-14 23:43:37 +0800] [1959703] [INFO] Listening at: http://0.0.0.0:3400 (1959703)
[2025-10-14 23:43:37 +0800] [1959703] [INFO] Using worker: gevent
[2025-10-14 23:43:37 +0800] [1959720] [INFO] Booting worker with pid: 1959720
43.133.180.238 - - [14/Oct/2025:23:43:56 +0800] "POST /amcp/mini-machine HTTP/1.1" 200 1410 "-" "python-requests/2.32.3"
